[2024-05-22 15:41:53] This is codeql database create ./db_7_200 --language=python --source-root=./all_src_for_codeql/7_cwe_200
[2024-05-22 15:41:53] Log file was started late.
[2024-05-22 15:41:53] [PROGRESS] database create> Initializing database at D:\000_PHD_project\codeql-main\python\ql\src\Security\my_own2\db_7_200.
[2024-05-22 15:41:53] Running plumbing command: codeql database init --language=python --extractor-options-verbosity=1 --qlconfig-file=D:\000_PHD_project\codeql-main\python\ql\src\Security\my_own2\qlconfig.yml --source-root=D:\000_PHD_project\codeql-main\python\ql\src\Security\my_own2\all_src_for_codeql\7_cwe_200 --allow-missing-source-root=false --allow-already-existing -- D:\000_PHD_project\codeql-main\python\ql\src\Security\my_own2\db_7_200
[2024-05-22 15:41:53] Exception caught at top level: Invalid source root: D:\000_PHD_project\codeql-main\python\ql\src\Security\my_own2\all_src_for_codeql\7_cwe_200.
                      com.semmle.cli2.database.InitCommand.executeSubcommand(InitCommand.java:164)
                      com.semmle.cli2.picocli.SubcommandCommon.lambda$executeSubcommandWithMessages$5(SubcommandCommon.java:803)
                      com.semmle.cli2.picocli.SubcommandCommon.withCompilationMessages(SubcommandCommon.java:442)
                      com.semmle.cli2.picocli.SubcommandCommon.executeSubcommandWithMessages(SubcommandCommon.java:801)
                      com.semmle.cli2.picocli.PlumbingRunner.run(PlumbingRunner.java:119)
                      com.semmle.cli2.picocli.SubcommandCommon.runPlumbingInProcess(SubcommandCommon.java:199)
                      com.semmle.cli2.database.CreateCommand.executeSubcommand(CreateCommand.java:108)
                      com.semmle.cli2.picocli.SubcommandCommon.lambda$executeSubcommandWithMessages$5(SubcommandCommon.java:803)
                      com.semmle.cli2.picocli.SubcommandCommon.withCompilationMessages(SubcommandCommon.java:442)
                      com.semmle.cli2.picocli.SubcommandCommon.executeSubcommandWithMessages(SubcommandCommon.java:801)
                      com.semmle.cli2.picocli.SubcommandCommon.toplevelMain(SubcommandCommon.java:685)
                      com.semmle.cli2.picocli.SubcommandCommon.call(SubcommandCommon.java:666)
                      com.semmle.cli2.picocli.SubcommandMaker.runMain(SubcommandMaker.java:237)
                      com.semmle.cli2.picocli.SubcommandMaker.runMain(SubcommandMaker.java:247)
                      com.semmle.cli2.CodeQL.main(CodeQL.java:115)
